<?xml version="1.0" encoding="UTF-8"?>
<!-- Generated by org.testng.reporters.JUnitXMLReporter -->
<testsuite ignored="0" hostname="LAPTOP-HEGI0R39" failures="0" tests="2" name="Banking APP Test" time="45.27" errors="0" timestamp="2022-11-14T15:49:42 IST">
  <testcase classname="com.inetbanking.testCases.TC_LoginTest_001" name="loginTest" time="2.863"/>
  <testcase classname="com.inetbanking.testCases.TC_AddCustomer_003" name="AddnewCustomer" time="23.186"/>
</testsuite> <!-- Banking APP Test -->
