<?xml version="1.0" encoding="UTF-8"?>
<testng-results ignored="0" total="2" passed="2" failed="0" skipped="0">
  <reporter-output>
  </reporter-output>
  <suite started-at="2022-11-14T15:48:57 IST" name="Suite" finished-at="2022-11-14T15:49:42 IST" duration-ms="45270">
    <groups>
    </groups>
    <test started-at="2022-11-14T15:48:57 IST" name="Banking APP Test" finished-at="2022-11-14T15:49:42 IST" duration-ms="45270">
      <class name="com.inetbanking.testCases.TC_LoginTest_001">
        <test-method is-config="true" signature="setup(java.lang.String)[pri:0, instance:com.inetbanking.testCases.TC_LoginTest_001@3e58a80e]" started-at="2022-11-14T15:48:57 IST" name="setup" finished-at="2022-11-14T15:49:08 IST" duration-ms="10556" status="PASS">
          <params>
            <param index="0">
              <value>
                <![CDATA[chrome]]>
              </value>
            </param>
          </params>
          <reporter-output>
          </reporter-output>
        </test-method> <!-- setup -->
        <test-method signature="loginTest()[pri:0, instance:com.inetbanking.testCases.TC_LoginTest_001@3e58a80e]" started-at="2022-11-14T15:49:08 IST" name="loginTest" finished-at="2022-11-14T15:49:11 IST" duration-ms="2863" status="PASS">
          <reporter-output>
          </reporter-output>
        </test-method> <!-- loginTest -->
        <test-method is-config="true" signature="tearDown()[pri:0, instance:com.inetbanking.testCases.TC_LoginTest_001@3e58a80e]" started-at="2022-11-14T15:49:11 IST" name="tearDown" finished-at="2022-11-14T15:49:11 IST" duration-ms="257" status="PASS">
          <reporter-output>
          </reporter-output>
        </test-method> <!-- tearDown -->
      </class> <!-- com.inetbanking.testCases.TC_LoginTest_001 -->
      <class name="com.inetbanking.testCases.TC_AddCustomer_003">
        <test-method is-config="true" signature="setup(java.lang.String)[pri:0, instance:com.inetbanking.testCases.TC_AddCustomer_003@4fb61f4a]" started-at="2022-11-14T15:49:11 IST" name="setup" finished-at="2022-11-14T15:49:19 IST" duration-ms="8047" status="PASS">
          <params>
            <param index="0">
              <value>
                <![CDATA[chrome]]>
              </value>
            </param>
          </params>
          <reporter-output>
          </reporter-output>
        </test-method> <!-- setup -->
        <test-method signature="AddnewCustomer()[pri:0, instance:com.inetbanking.testCases.TC_AddCustomer_003@4fb61f4a]" started-at="2022-11-14T15:49:19 IST" name="AddnewCustomer" finished-at="2022-11-14T15:49:42 IST" duration-ms="23186" status="PASS">
          <reporter-output>
          </reporter-output>
        </test-method> <!-- AddnewCustomer -->
        <test-method is-config="true" signature="tearDown()[pri:0, instance:com.inetbanking.testCases.TC_AddCustomer_003@4fb61f4a]" started-at="2022-11-14T15:49:42 IST" name="tearDown" finished-at="2022-11-14T15:49:42 IST" duration-ms="295" status="PASS">
          <reporter-output>
          </reporter-output>
        </test-method> <!-- tearDown -->
      </class> <!-- com.inetbanking.testCases.TC_AddCustomer_003 -->
    </test> <!-- Banking APP Test -->
  </suite> <!-- Suite -->
</testng-results>
