<?xml version="1.0" encoding="UTF-8"?>
<testng-results ignored="0" total="1" passed="1" failed="0" skipped="0">
  <reporter-output>
  </reporter-output>
  <suite started-at="2022-11-11T17:58:03 IST" name="Suite" finished-at="2022-11-11T17:58:55 IST" duration-ms="51473">
    <groups>
    </groups>
    <test started-at="2022-11-11T17:58:03 IST" name="Banking APP Test" finished-at="2022-11-11T17:58:55 IST" duration-ms="51473">
      <class name="com.inetbanking.testCases.TC_AddCustomer_003">
        <test-method is-config="true" signature="setup(java.lang.String)[pri:0, instance:com.inetbanking.testCases.TC_AddCustomer_003@5d0bf09b]" started-at="2022-11-11T17:58:03 IST" name="setup" finished-at="2022-11-11T17:58:14 IST" duration-ms="10308" status="PASS">
          <params>
            <param index="0">
              <value>
                <![CDATA[chrome]]>
              </value>
            </param>
          </params>
          <reporter-output>
          </reporter-output>
        </test-method> <!-- setup -->
        <test-method signature="AddnewCustomer()[pri:0, instance:com.inetbanking.testCases.TC_AddCustomer_003@5d0bf09b]" started-at="2022-11-11T17:58:14 IST" name="AddnewCustomer" finished-at="2022-11-11T17:58:54 IST" duration-ms="40256" status="PASS">
          <reporter-output>
          </reporter-output>
        </test-method> <!-- AddnewCustomer -->
        <test-method is-config="true" signature="tearDown()[pri:0, instance:com.inetbanking.testCases.TC_AddCustomer_003@5d0bf09b]" started-at="2022-11-11T17:58:54 IST" name="tearDown" finished-at="2022-11-11T17:58:55 IST" duration-ms="830" status="PASS">
          <reporter-output>
          </reporter-output>
        </test-method> <!-- tearDown -->
      </class> <!-- com.inetbanking.testCases.TC_AddCustomer_003 -->
    </test> <!-- Banking APP Test -->
  </suite> <!-- Suite -->
</testng-results>
